                      (C:\Users\bhrou\gi):00001         pal.black EXPORT
                      (C:\Users\bhrou\gi):00002         
                      (C:\Users\bhrou\gi):00003          SECTION code
0000                  (C:\Users\bhrou\gi):00004         pal.black
0000 0000000000000000 (C:\Users\bhrou\gi):00005                 fill  0,$20
     0000000000000000
     0000000000000000
     0000000000000000
                      (C:\Users\bhrou\gi):00006          ENDSECTION
                      (C:\Users\bhrou\gi):00007         pal.title EXPORT
                      (C:\Users\bhrou\gi):00008         
                      (C:\Users\bhrou\gi):00009          SECTION code
0020                  (C:\Users\bhrou\gi):00010         pal.title
0020 0000             (C:\Users\bhrou\gi):00011                 fdb   $0000 ; GR0B (0,4,0,0)
0022 A00A             (C:\Users\bhrou\gi):00012                 fdb   $a00a ; GR0B (222,4,0,220)
0024 AA09             (C:\Users\bhrou\gi):00013                 fdb   $aa09 ; GR0B (222,220,0,218)
0026 4909             (C:\Users\bhrou\gi):00014                 fdb   $4909 ; GR0B (150,204,0,204)
0028 F70E             (C:\Users\bhrou\gi):00015                 fdb   $f70e ; GR0B (254,192,0,252)
002A AA0E             (C:\Users\bhrou\gi):00016                 fdb   $aa0e ; GR0B (222,220,0,252)
002C 4008             (C:\Users\bhrou\gi):00017                 fdb   $4008 ; GR0B (158,0,0,204)
002E 0A08             (C:\Users\bhrou\gi):00018                 fdb   $0a08 ; GR0B (2,220,0,204)
0030 2002             (C:\Users\bhrou\gi):00019                 fdb   $2002 ; GR0B (114,4,0,116)
0032 4004             (C:\Users\bhrou\gi):00020                 fdb   $4004 ; GR0B (160,4,0,164)
                      (C:\Users\bhrou\gi):00021          ENDSECTION
                      (C:\Users\bhrou\gi):00022         
                      (C:\Users\bhrou\gi):00023         pal.score EXPORT
                      (C:\Users\bhrou\gi):00024         
                      (C:\Users\bhrou\gi):00025          SECTION code
0034                  (C:\Users\bhrou\gi):00026         pal.score
0034 0000             (C:\Users\bhrou\gi):00027                 fdb   $0000 ; GR0B (0,0,0,0)
0036 F00F             (C:\Users\bhrou\gi):00028                 fdb   $f00f ; GR0B (255,49,0,255)
0038 0000             (C:\Users\bhrou\gi):00029                 fdb   $0000 ; GR0B (0,0,0,0)
003A FF0F             (C:\Users\bhrou\gi):00030                 fdb   $ff0f ; GR0B (255,255,0,255)
003C F50F             (C:\Users\bhrou\gi):00031                 fdb   $f50f ; GR0B (255,165,0,255)
003E 0000             (C:\Users\bhrou\gi):00032                 fdb   $0000 ; GR0B (0,0,0,0)
0040 0001             (C:\Users\bhrou\gi):00033                 fdb   $0001 ; GR0B (0,0,0,107)
0042 0000             (C:\Users\bhrou\gi):00034                 fdb   $0000 ; GR0B (0,0,0,0)
0044 000C             (C:\Users\bhrou\gi):00035                 fdb   $000c ; GR0B (33,0,0,222)
0046 200E             (C:\Users\bhrou\gi):00036                 fdb   $200e ; GR0B (132,16,0,255)
                      (C:\Users\bhrou\gi):00037          ENDSECTION
                      (C:\Users\bhrou\gi):00038         
