                      (C:\Users\bhrou\gi):00001         pal.black EXPORT
                      (C:\Users\bhrou\gi):00002         
                      (C:\Users\bhrou\gi):00003          SECTION code
0000                  (C:\Users\bhrou\gi):00004         pal.black
0000 0000000000000000 (C:\Users\bhrou\gi):00005                 fill  0,$20
     0000000000000000
     0000000000000000
     0000000000000000
                      (C:\Users\bhrou\gi):00006          ENDSECTION
                      (C:\Users\bhrou\gi):00007         
                      (C:\Users\bhrou\gi):00008         pal.title EXPORT
                      (C:\Users\bhrou\gi):00009         
                      (C:\Users\bhrou\gi):00010          SECTION code
0020                  (C:\Users\bhrou\gi):00011         pal.title
0020 0000             (C:\Users\bhrou\gi):00012                 fdb   $0000 ; GR0B (0,4,0,0)
0022 A00A             (C:\Users\bhrou\gi):00013                 fdb   $a00a ; GR0B (222,4,0,220)
0024 AA09             (C:\Users\bhrou\gi):00014                 fdb   $aa09 ; GR0B (222,220,0,218)
0026 4909             (C:\Users\bhrou\gi):00015                 fdb   $4909 ; GR0B (150,204,0,204)
0028 F70E             (C:\Users\bhrou\gi):00016                 fdb   $f70e ; GR0B (254,192,0,252)
002A AA0E             (C:\Users\bhrou\gi):00017                 fdb   $aa0e ; GR0B (222,220,0,252)
002C 4008             (C:\Users\bhrou\gi):00018                 fdb   $4008 ; GR0B (158,0,0,204)
002E 0A08             (C:\Users\bhrou\gi):00019                 fdb   $0a08 ; GR0B (2,220,0,204)
0030 2002             (C:\Users\bhrou\gi):00020                 fdb   $2002 ; GR0B (114,4,0,116)
0032 4004             (C:\Users\bhrou\gi):00021                 fdb   $4004 ; GR0B (160,4,0,164)
0034 330E             (C:\Users\bhrou\gi):00022                 fdb   $330e ; GR0B (150,147,0,252)
0036 770F             (C:\Users\bhrou\gi):00023                 fdb   $770f ; GR0B (190,188,0,252)
0038 FF0E             (C:\Users\bhrou\gi):00024                 fdb   $ff0e ; GR0B (254,252,0,252)
003A DD0F             (C:\Users\bhrou\gi):00025                 fdb   $dd0f ; GR0B (238,236,0,252)
003C AC0C             (C:\Users\bhrou\gi):00026                 fdb   $ac0c ; GR0B (222,236,0,236)
003E 0000             (C:\Users\bhrou\gi):00027                 fdb   $0000 ; GR0B (0,0,0,0)
                      (C:\Users\bhrou\gi):00028          ENDSECTION
                      (C:\Users\bhrou\gi):00029         
                      (C:\Users\bhrou\gi):00030         pal.score EXPORT
                      (C:\Users\bhrou\gi):00031         
                      (C:\Users\bhrou\gi):00032          SECTION code
0040                  (C:\Users\bhrou\gi):00033         pal.score
0040 0000             (C:\Users\bhrou\gi):00034                 fdb   $0000 ; GR0B (0,0,0,0)
0042 F00F             (C:\Users\bhrou\gi):00035                 fdb   $f00f ; GR0B (255,49,0,255)
0044 0000             (C:\Users\bhrou\gi):00036                 fdb   $0000 ; GR0B (0,0,0,0)
0046 FF0F             (C:\Users\bhrou\gi):00037                 fdb   $ff0f ; GR0B (255,255,0,255)
0048 F50F             (C:\Users\bhrou\gi):00038                 fdb   $f50f ; GR0B (255,165,0,255)
004A 0000             (C:\Users\bhrou\gi):00039                 fdb   $0000 ; GR0B (0,0,0,0)
004C 0001             (C:\Users\bhrou\gi):00040                 fdb   $0001 ; GR0B (0,0,0,107)
004E 0000             (C:\Users\bhrou\gi):00041                 fdb   $0000 ; GR0B (0,0,0,0)
0050 000C             (C:\Users\bhrou\gi):00042                 fdb   $000c ; GR0B (33,0,0,222)
0052 200E             (C:\Users\bhrou\gi):00043                 fdb   $200e ; GR0B (132,16,0,255)
0054 0000             (C:\Users\bhrou\gi):00044                 fdb   $0000 ; GR0B (0,0,0,0)
0056 0000             (C:\Users\bhrou\gi):00045                 fdb   $0000 ; GR0B (0,0,0,0)
0058 0000             (C:\Users\bhrou\gi):00046                 fdb   $0000 ; GR0B (0,0,0,0)
005A 0000             (C:\Users\bhrou\gi):00047                 fdb   $0000 ; GR0B (0,0,0,0)
005C 0000             (C:\Users\bhrou\gi):00048                 fdb   $0000 ; GR0B (0,0,0,0)
005E 0000             (C:\Users\bhrou\gi):00049                 fdb   $0000 ; GR0B (0,0,0,0)
                      (C:\Users\bhrou\gi):00050          ENDSECTION
                      (C:\Users\bhrou\gi):00051         
